<?xml version="1.0" encoding="UTF-8"?>
<robot generator="Robot 6.1.1 (Python 3.13.9 on win32)" generated="20251117 18:54:22.580" rpa="false" schemaversion="4">
<suite id="s1" name="Tests" source="C:\Users\A\Documents\R\JYU\Ohjelmistotuotanto\palautukset\osa3\login-robot\src\tests">
<suite id="s1-s1" name="Login" source="C:\Users\A\Documents\R\JYU\Ohjelmistotuotanto\palautukset\osa3\login-robot\src\tests\login.robot">
<test id="s1-s1-t1" name="Login With Correct Credentials" line="6">
<kw name="Create User And Input Login Command" type="SETUP">
<kw name="Create User" library="AppLibrary">
<arg>kalle</arg>
<arg>kalle123</arg>
<status status="PASS" starttime="20251117 18:54:22.623" endtime="20251117 18:54:22.624"/>
</kw>
<kw name="Input Login Command" library="resource">
<kw name="Input" library="AppLibrary">
<arg>login</arg>
<status status="PASS" starttime="20251117 18:54:22.624" endtime="20251117 18:54:22.624"/>
</kw>
<status status="PASS" starttime="20251117 18:54:22.624" endtime="20251117 18:54:22.624"/>
</kw>
<status status="PASS" starttime="20251117 18:54:22.623" endtime="20251117 18:54:22.624"/>
</kw>
<kw name="Input Credentials" library="resource">
<arg>kalle</arg>
<arg>kalle123</arg>
<kw name="Input" library="AppLibrary">
<arg>${username}</arg>
<status status="PASS" starttime="20251117 18:54:22.625" endtime="20251117 18:54:22.626"/>
</kw>
<kw name="Input" library="AppLibrary">
<arg>${password}</arg>
<status status="PASS" starttime="20251117 18:54:22.626" endtime="20251117 18:54:22.626"/>
</kw>
<kw name="Run Application" library="AppLibrary">
<status status="PASS" starttime="20251117 18:54:22.626" endtime="20251117 18:54:22.626"/>
</kw>
<status status="PASS" starttime="20251117 18:54:22.625" endtime="20251117 18:54:22.626"/>
</kw>
<kw name="Output Should Contain" library="AppLibrary">
<arg>Logged in</arg>
<status status="PASS" starttime="20251117 18:54:22.626" endtime="20251117 18:54:22.626"/>
</kw>
<status status="PASS" starttime="20251117 18:54:22.623" endtime="20251117 18:54:22.626"/>
</test>
<test id="s1-s1-t2" name="Login With Incorrect Password" line="10">
<kw name="Create User And Input Login Command" type="SETUP">
<kw name="Create User" library="AppLibrary">
<arg>kalle</arg>
<arg>kalle123</arg>
<status status="PASS" starttime="20251117 18:54:22.629" endtime="20251117 18:54:22.629"/>
</kw>
<kw name="Input Login Command" library="resource">
<kw name="Input" library="AppLibrary">
<arg>login</arg>
<status status="PASS" starttime="20251117 18:54:22.629" endtime="20251117 18:54:22.629"/>
</kw>
<status status="PASS" starttime="20251117 18:54:22.629" endtime="20251117 18:54:22.629"/>
</kw>
<status status="PASS" starttime="20251117 18:54:22.629" endtime="20251117 18:54:22.629"/>
</kw>
<kw name="Input Credentials" library="resource">
<arg>kalle</arg>
<arg>foobarbaz</arg>
<kw name="Input" library="AppLibrary">
<arg>${username}</arg>
<status status="PASS" starttime="20251117 18:54:22.630" endtime="20251117 18:54:22.630"/>
</kw>
<kw name="Input" library="AppLibrary">
<arg>${password}</arg>
<status status="PASS" starttime="20251117 18:54:22.630" endtime="20251117 18:54:22.630"/>
</kw>
<kw name="Run Application" library="AppLibrary">
<status status="PASS" starttime="20251117 18:54:22.630" endtime="20251117 18:54:22.630"/>
</kw>
<status status="PASS" starttime="20251117 18:54:22.629" endtime="20251117 18:54:22.630"/>
</kw>
<kw name="Output Should Contain" library="AppLibrary">
<arg>Invalid username or password</arg>
<status status="PASS" starttime="20251117 18:54:22.630" endtime="20251117 18:54:22.630"/>
</kw>
<status status="PASS" starttime="20251117 18:54:22.628" endtime="20251117 18:54:22.631"/>
</test>
<test id="s1-s1-t3" name="Login With Nonexistent Username" line="14">
<kw name="Create User And Input Login Command" type="SETUP">
<kw name="Create User" library="AppLibrary">
<arg>kalle</arg>
<arg>kalle123</arg>
<status status="PASS" starttime="20251117 18:54:22.632" endtime="20251117 18:54:22.632"/>
</kw>
<kw name="Input Login Command" library="resource">
<kw name="Input" library="AppLibrary">
<arg>login</arg>
<status status="PASS" starttime="20251117 18:54:22.633" endtime="20251117 18:54:22.633"/>
</kw>
<status status="PASS" starttime="20251117 18:54:22.632" endtime="20251117 18:54:22.633"/>
</kw>
<status status="PASS" starttime="20251117 18:54:22.632" endtime="20251117 18:54:22.633"/>
</kw>
<kw name="Input Credentials" library="resource">
<arg>kille</arg>
<arg>kalle123</arg>
<kw name="Input" library="AppLibrary">
<arg>${username}</arg>
<status status="PASS" starttime="20251117 18:54:22.633" endtime="20251117 18:54:22.633"/>
</kw>
<kw name="Input" library="AppLibrary">
<arg>${password}</arg>
<status status="PASS" starttime="20251117 18:54:22.633" endtime="20251117 18:54:22.633"/>
</kw>
<kw name="Run Application" library="AppLibrary">
<status status="PASS" starttime="20251117 18:54:22.633" endtime="20251117 18:54:22.633"/>
</kw>
<status status="PASS" starttime="20251117 18:54:22.633" endtime="20251117 18:54:22.633"/>
</kw>
<kw name="Output Should Contain" library="AppLibrary">
<arg>Invalid username or password</arg>
<status status="PASS" starttime="20251117 18:54:22.634" endtime="20251117 18:54:22.634"/>
</kw>
<status status="PASS" starttime="20251117 18:54:22.632" endtime="20251117 18:54:22.634"/>
</test>
<status status="PASS" starttime="20251117 18:54:22.611" endtime="20251117 18:54:22.635"/>
</suite>
<status status="PASS" starttime="20251117 18:54:22.581" endtime="20251117 18:54:22.637"/>
</suite>
<statistics>
<total>
<stat pass="3" fail="0" skip="0">All Tests</stat>
</total>
<tag>
</tag>
<suite>
<stat pass="3" fail="0" skip="0" id="s1" name="Tests">Tests</stat>
<stat pass="3" fail="0" skip="0" id="s1-s1" name="Login">Tests.Login</stat>
</suite>
</statistics>
<errors>
</errors>
</robot>
